<?xml version="1.0" encoding="UTF-8"?>
<testng-results skipped="0" failed="0" ignored="0" total="1" passed="1">
  <reporter-output>
  </reporter-output>
  <suite name="All Test Suite" duration-ms="35018" started-at="2018-12-13T12:50:51Z" finished-at="2018-12-13T12:51:26Z">
    <groups>
    </groups>
    <test name="D:/Automation Related/Sample Framework/DataDrivenFramework/src/test/java/com/datadrivenframework" duration-ms="35018" started-at="2018-12-13T12:50:51Z" finished-at="2018-12-13T12:51:26Z">
      <class name="com.datadrivenframework.login.LoginTest">
        <test-method status="PASS" signature="launchBrowser()[pri:0, instance:com.datadrivenframework.login.LoginTest@27fe3806]" name="launchBrowser" is-config="true" duration-ms="4685" started-at="2018-12-13T18:20:51Z" finished-at="2018-12-13T18:20:56Z">
          <reporter-output>
          </reporter-output>
        </test-method> <!-- launchBrowser -->
        <test-method status="PASS" signature="beforeMethod(java.lang.reflect.Method)[pri:0, instance:com.datadrivenframework.login.LoginTest@27fe3806]" name="beforeMethod" is-config="true" duration-ms="596" started-at="2018-12-13T18:20:56Z" finished-at="2018-12-13T18:20:57Z">
          <params>
            <param index="0">
              <value>
                <![CDATA[public void com.datadrivenframework.login.LoginTest.testLoginToApplication() throws java.lang.InterruptedException]]>
              </value>
            </param>
          </params>
          <reporter-output>
          </reporter-output>
        </test-method> <!-- beforeMethod -->
        <test-method status="PASS" signature="testLoginToApplication()[pri:0, instance:com.datadrivenframework.login.LoginTest@27fe3806]" name="testLoginToApplication" duration-ms="27111" started-at="2018-12-13T18:20:57Z" finished-at="2018-12-13T18:21:24Z">
          <reporter-output>
          </reporter-output>
        </test-method> <!-- testLoginToApplication -->
        <test-method status="PASS" signature="afterMethod(org.testng.ITestResult)[pri:0, instance:com.datadrivenframework.login.LoginTest@27fe3806]" name="afterMethod" is-config="true" duration-ms="2342" started-at="2018-12-13T18:21:24Z" finished-at="2018-12-13T18:21:26Z">
          <params>
            <param index="0">
              <value>
                <![CDATA[[TestResult name=testLoginToApplication status=SUCCESS method=LoginTest.testLoginToApplication()[pri:0, instance:com.datadrivenframework.login.LoginTest@27fe3806] output={null}]]]>
              </value>
            </param>
          </params>
          <reporter-output>
          </reporter-output>
        </test-method> <!-- afterMethod -->
        <test-method status="PASS" signature="endTest()[pri:0, instance:com.datadrivenframework.login.LoginTest@27fe3806]" name="endTest" is-config="true" duration-ms="267" started-at="2018-12-13T18:21:26Z" finished-at="2018-12-13T18:21:26Z">
          <reporter-output>
          </reporter-output>
        </test-method> <!-- endTest -->
      </class> <!-- com.datadrivenframework.login.LoginTest -->
    </test> <!-- D:/Automation Related/Sample Framework/DataDrivenFramework/src/test/java/com/datadrivenframework -->
  </suite> <!-- All Test Suite -->
</testng-results>
